Flow report for spi_slave
Mon Feb 04 21:02:29 2019
Quartus II 64-Bit Version 15.0.2 Build 153 07/15/2015 SJ Web Edition


---------------------
; Table of Contents ;
---------------------
  1. Legal Notice
  2. Flow Summary
  3. Flow Settings
  4. Flow Non-Default Global Settings
  5. Flow Elapsed Time
  6. Flow OS Summary
  7. Flow Log
  8. Flow Messages
  9. Flow Suppressed Messages



----------------
; Legal Notice ;
----------------
Copyright (C) 1991-2015 Altera Corporation. All rights reserved.
Your use of Altera Corporation's design tools, logic functions 
and other software and tools, and its AMPP partner logic 
functions, and any output files from any of the foregoing 
(including device programming or simulation files), and any 
associated documentation or information are expressly subject 
to the terms and conditions of the Altera Program License 
Subscription Agreement, the Altera Quartus II License Agreement,
the Altera MegaCore Function License Agreement, or other 
applicable license agreement, including, without limitation, 
that your use is for the sole purpose of programming logic 
devices manufactured by Altera and sold by Altera or its 
authorized distributors.  Please refer to the applicable 
agreement for further details.



+---------------------------------------------------------------------------------+
; Flow Summary                                                                    ;
+------------------------------------+--------------------------------------------+
; Flow Status                        ; Successful - Mon Feb 04 21:02:29 2019      ;
; Quartus II 64-Bit Version          ; 15.0.2 Build 153 07/15/2015 SJ Web Edition ;
; Revision Name                      ; spi_slave                                  ;
; Top-level Entity Name              ; spi_slave                                  ;
; Family                             ; Cyclone IV E                               ;
; Total logic elements               ; 16                                         ;
;     Total combinational functions  ; 6                                          ;
;     Dedicated logic registers      ; 15                                         ;
; Total registers                    ; 15                                         ;
; Total pins                         ; 23                                         ;
; Total virtual pins                 ; 0                                          ;
; Total memory bits                  ; 0                                          ;
; Embedded Multiplier 9-bit elements ; 0                                          ;
; Total PLLs                         ; 0                                          ;
+------------------------------------+--------------------------------------------+


+-----------------------------------------+
; Flow Settings                           ;
+-------------------+---------------------+
; Option            ; Setting             ;
+-------------------+---------------------+
; Start date & time ; 02/04/2019 20:38:26 ;
; Main task         ; Compilation         ;
; Revision Name     ; spi_slave           ;
+-------------------+---------------------+


+-------------------------------------------------------------------------------------------------------------------+
; Flow Non-Default Global Settings                                                                                  ;
+-------------------------------------+------------------------------+---------------+-------------+----------------+
; Assignment Name                     ; Value                        ; Default Value ; Entity Name ; Section Id     ;
+-------------------------------------+------------------------------+---------------+-------------+----------------+
; COMPILER_SIGNATURE_ID               ; 109954482617.154929290604320 ; --            ; --          ; --             ;
; EDA_OUTPUT_DATA_FORMAT              ; Vhdl                         ; --            ; --          ; eda_simulation ;
; EDA_SIMULATION_TOOL                 ; ModelSim-Altera (VHDL)       ; <None>        ; --          ; --             ;
; PARTITION_COLOR                     ; 16764057                     ; --            ; --          ; Top            ;
; PARTITION_FITTER_PRESERVATION_LEVEL ; PLACEMENT_AND_ROUTING        ; --            ; --          ; Top            ;
; PARTITION_NETLIST_TYPE              ; SOURCE                       ; --            ; --          ; Top            ;
; PROJECT_OUTPUT_DIRECTORY            ; output_files                 ; --            ; --          ; --             ;
+-------------------------------------+------------------------------+---------------+-------------+----------------+


+--------------------------------------------------------------------------------------------------------------------------+
; Flow Elapsed Time                                                                                                        ;
+----------------------+--------------+-------------------------+---------------------+------------------------------------+
; Module Name          ; Elapsed Time ; Average Processors Used ; Peak Virtual Memory ; Total CPU Time (on all processors) ;
+----------------------+--------------+-------------------------+---------------------+------------------------------------+
; Analysis & Synthesis ; 00:00:12     ; 1.0                     ; 691 MB              ; 00:00:27                           ;
; EDA Netlist Writer   ; 00:00:01     ; 1.0                     ; 562 MB              ; 00:00:01                           ;
; EDA Netlist Writer   ; 00:00:01     ; 1.0                     ; 567 MB              ; 00:00:01                           ;
; EDA Netlist Writer   ; 00:00:01     ; 1.0                     ; 563 MB              ; 00:00:01                           ;
; EDA Netlist Writer   ; 00:00:01     ; 1.0                     ; 567 MB              ; 00:00:01                           ;
; EDA Netlist Writer   ; 00:00:01     ; 1.0                     ; 563 MB              ; 00:00:01                           ;
; EDA Netlist Writer   ; 00:00:01     ; 1.0                     ; 567 MB              ; 00:00:01                           ;
; EDA Netlist Writer   ; 00:00:01     ; 1.0                     ; 563 MB              ; 00:00:01                           ;
; EDA Netlist Writer   ; 00:00:01     ; 1.0                     ; 567 MB              ; 00:00:01                           ;
; Total                ; 00:00:20     ; --                      ; --                  ; 00:00:35                           ;
+----------------------+--------------+-------------------------+---------------------+------------------------------------+


+-----------------------------------------------------------------------------------+
; Flow OS Summary                                                                   ;
+----------------------+------------------+-----------+------------+----------------+
; Module Name          ; Machine Hostname ; OS Name   ; OS Version ; Processor type ;
+----------------------+------------------+-----------+------------+----------------+
; Analysis & Synthesis ; ICI7FJ12-036     ; Windows 7 ; 6.1        ; x86_64         ;
; EDA Netlist Writer   ; ICI7FJ12-036     ; Windows 7 ; 6.1        ; x86_64         ;
; EDA Netlist Writer   ; ICI7FJ12-036     ; Windows 7 ; 6.1        ; x86_64         ;
; EDA Netlist Writer   ; ICI7FJ12-036     ; Windows 7 ; 6.1        ; x86_64         ;
; EDA Netlist Writer   ; ICI7FJ12-036     ; Windows 7 ; 6.1        ; x86_64         ;
; EDA Netlist Writer   ; ICI7FJ12-036     ; Windows 7 ; 6.1        ; x86_64         ;
; EDA Netlist Writer   ; ICI7FJ12-036     ; Windows 7 ; 6.1        ; x86_64         ;
; EDA Netlist Writer   ; ICI7FJ12-036     ; Windows 7 ; 6.1        ; x86_64         ;
; EDA Netlist Writer   ; ICI7FJ12-036     ; Windows 7 ; 6.1        ; x86_64         ;
+----------------------+------------------+-----------+------------+----------------+


------------
; Flow Log ;
------------
quartus_map --read_settings_files=on --write_settings_files=off spi_slave -c spi_slave
quartus_eda --gen_testbench --check_outputs=on --tool=modelsim_oem --format=verilog --write_settings_files=off spi_slave -c spi_slave --vector_source=F:/RHP_backup/RHP/SSR/git/spi_slave/Waveform.vwf --testbench_file=F:/RHP_backup/RHP/SSR/git/spi_slave/simulation/qsim/Waveform.vwf.vt
quartus_eda --write_settings_files=off --functional=on --flatten_buses=off --simulation=on --tool=modelsim_oem --format=verilog --output_directory=F:/RHP_backup/RHP/SSR/git/spi_slave/simulation/qsim/ spi_slave -c spi_slave
quartus_eda --gen_testbench --check_outputs=on --tool=modelsim_oem --format=verilog --write_settings_files=off spi_slave -c spi_slave --vector_source=F:/RHP_backup/RHP/SSR/git/spi_slave/Waveform.vwf --testbench_file=F:/RHP_backup/RHP/SSR/git/spi_slave/simulation/qsim/Waveform.vwf.vt
quartus_eda --write_settings_files=off --functional=on --flatten_buses=off --simulation=on --tool=modelsim_oem --format=verilog --output_directory=F:/RHP_backup/RHP/SSR/git/spi_slave/simulation/qsim/ spi_slave -c spi_slave
quartus_eda --gen_testbench --check_outputs=on --tool=modelsim_oem --format=verilog --write_settings_files=off spi_slave -c spi_slave --vector_source=F:/RHP_backup/RHP/SSR/git/spi_slave/Waveform1.vwf --testbench_file=F:/RHP_backup/RHP/SSR/git/spi_slave/simulation/qsim/Waveform1.vwf.vt
quartus_eda --write_settings_files=off --functional=on --flatten_buses=off --simulation=on --tool=modelsim_oem --format=verilog --output_directory=F:/RHP_backup/RHP/SSR/git/spi_slave/simulation/qsim/ spi_slave -c spi_slave
quartus_eda --gen_testbench --check_outputs=on --tool=modelsim_oem --format=verilog --write_settings_files=off spi_slave -c spi_slave --vector_source=F:/RHP_backup/RHP/SSR/git/spi_slave/Waveform1.vwf --testbench_file=F:/RHP_backup/RHP/SSR/git/spi_slave/simulation/qsim/Waveform1.vwf.vt
quartus_eda --write_settings_files=off --functional=on --flatten_buses=off --simulation=on --tool=modelsim_oem --format=verilog --output_directory=F:/RHP_backup/RHP/SSR/git/spi_slave/simulation/qsim/ spi_slave -c spi_slave



